<?xml version="1.0" encoding="UTF-8" ?>
<testsuites>
  <testsuite errors="0" failures="0" hostname="excel-Nitro-AN515-54" id="0" name="HitTest" package="" skipped="0" tests="24" time="0.073" timestamp="2025-11-15T08:17:41">
      <properties>
[...]
</properties>

      <testcase classname="HitTest" name="hitRectangleLeftBorder" time="0.003" />

      <testcase classname="HitTest" name="missRectangleRightBorder" time="0.0" />

      <testcase classname="HitTest" name="hitRectangleLowBorder" time="0.001" />

      <testcase classname="HitTest" name="hitCircleArchBorder" time="0.0" />

      <testcase classname="HitTest" name="hitRectangle" time="0.0" />

      <testcase classname="HitTest" name="missTriangleHBorder" time="0.001" />

      <testcase classname="HitTest" name="hitRectangleRightBorder" time="0.0" />

      <testcase classname="HitTest" name="missCircle" time="0.0" />

      <testcase classname="HitTest" name="hitEmptySector" time="0.0" />

      <testcase classname="HitTest" name="hitTriangleLowBorder" time="0.001" />

      <testcase classname="HitTest" name="hitCircleLowBorder" time="0.0" />

      <testcase classname="HitTest" name="hitTriangleTopBorder" time="0.0" />

      <testcase classname="HitTest" name="missTriangle" time="0.0" />

      <testcase classname="HitTest" name="missRectangle" time="0.0" />

      <testcase classname="HitTest" name="missRectangleLowBorder" time="0.0" />

      <testcase classname="HitTest" name="hitTriangleHBorder" time="0.001" />

      <testcase classname="HitTest" name="rSwitch" time="0.001" />

      <testcase classname="HitTest" name="missRectangleLeftBorder" time="0.0" />

      <testcase classname="HitTest" name="hitZero" time="0.001" />

      <testcase classname="HitTest" name="hitTriangle" time="0.0" />

      <testcase classname="HitTest" name="hitCircle" time="0.0" />

      <testcase classname="HitTest" name="missCircleArchBorder" time="0.0" />

      <testcase classname="HitTest" name="missCircleLowBorder" time="0.0" />

      <testcase classname="HitTest" name="missTriangleTopBorder" time="0.0" />

      <system-out><![CDATA[]]></system-out>

      <system-err><![CDATA[]]></system-err>

  </testsuite>
  <testsuite errors="0" failures="0" hostname="excel-Nitro-AN515-54" id="1" name="PersistenceTest" package="" skipped="0" tests="1" time="0.086" timestamp="2025-11-15T08:17:41">
      <properties>
[...]
</properties>

      <testcase classname="PersistenceTest" name="databaseCheck" time="0.003" />

      <system-out><![CDATA[]]></system-out>

      <system-err><![CDATA[]]></system-err>

  </testsuite>
</testsuites>
